<?xml version="1.0" encoding="UTF-8"?>
<!-- Generated by org.testng.reporters.JUnitXMLReporter -->
<testsuite ignored="0" hostname="DESKTOP-M7LL3OH" failures="0" tests="3" name="Default test" time="5.505" errors="0" timestamp="2022-12-20T14:24:58 EET">
  <testcase classname="Tests.AddProductReviewTest" name="AUserCanRegisterSuccessfully" time="2.734"/>
  <testcase classname="Tests.AddProductReviewTest" name="BUserCanSearchProduct" time="2.271"/>
  <testcase classname="Tests.AddProductReviewTest" name="DRegisteredUserCanLogout" time="0.447"/>
</testsuite> <!-- Default test -->
